Running: /opt/Xilinx/14.7/ISE_DS/ISE/bin/lin64/unwrapped/fuse -intstyle ise -incremental -o /home/ise/ise_projects/ENG1448-2022.1-Trabalho/ProjetoFinal/main_tb_isim_beh.exe -prj /home/ise/ise_projects/ENG1448-2022.1-Trabalho/ProjetoFinal/main_tb_beh.prj work.main_tb 
ISim P.20131013 (signature 0xfbc00daa)
Number of CPUs detected in this system: 1
Turning on mult-threading, number of parallel sub-compilation jobs: 0 
Determining compilation order of HDL files
Parsing VHDL file "/home/ise/ise_projects/ENG1448-2022.1-Trabalho/ProjetoFinal/u_bcd.vhd" into library work
Parsing VHDL file "/home/ise/ise_projects/ENG1448-2022.1-Trabalho/ProjetoFinal/u_alu.vhd" into library work
Parsing VHDL file "/home/ise/ise_projects/ENG1448-2022.1-Trabalho/ProjetoFinal/u_ram.vhd" into library work
Parsing VHDL file "/home/ise/ise_projects/ENG1448-2022.1-Trabalho/ProjetoFinal/u_lcd.vhd" into library work
Parsing VHDL file "/home/ise/ise_projects/ENG1448-2022.1-Trabalho/ProjetoFinal/u_cpu.vhd" into library work
Parsing VHDL file "/home/ise/ise_projects/ENG1448-2022.1-Trabalho/ProjetoFinal/main.vhd" into library work
Parsing VHDL file "/home/ise/ise_projects/ENG1448-2022.1-Trabalho/ProjetoFinal/main_tb.vhd" into library work
Starting static elaboration
Completed static elaboration
Fuse Memory Usage: 98236 KB
Fuse CPU Usage: 1660 ms
Compiling package standard
Compiling package std_logic_1164
Compiling package numeric_std
Compiling package math_real
Compiling architecture behavioral of entity u_alu [u_alu_default]
Compiling architecture behavioral of entity u_cpu [u_cpu_default]
Compiling architecture rtl of entity u_ram [u_ram_default]
Compiling architecture behavioral of entity u_bcd [u_bcd_default]
Compiling architecture behavioral of entity u_lcd [u_lcd_default]
Compiling architecture behavioral of entity main [\main(2)\]
Compiling architecture behavior of entity main_tb
Time Resolution for simulation is 1ps.
Compiled 17 VHDL Units
Built simulation executable /home/ise/ise_projects/ENG1448-2022.1-Trabalho/ProjetoFinal/main_tb_isim_beh.exe
Fuse Memory Usage: 115400 KB
Fuse CPU Usage: 2020 ms
GCC CPU Usage: 1440 ms
