ISim log file
Running: /home/ise/ise_projects/ENG1448-2022.1-Trabalho/ProjetoFinal/main_tb_isim_beh.exe -intstyle ise -gui -tclbatch isim.cmd -view /home/ise/ise_projects/ENG1448-2022.1-Trabalho/ProjetoFinal/testelcd.wcfg -wdb /home/ise/ise_projects/ENG1448-2022.1-Trabalho/ProjetoFinal/main_tb_isim_beh.wdb 
ISim P.20131013 (signature 0xfbc00daa)
----------------------------------------------------------------------
WARNING:Security:42 - Your software subscription period has lapsed. Your current version of Xilinx tools will continue to function, but you no longer qualify for Xilinx software updates or new releases.


----------------------------------------------------------------------
This is a Full version of ISim.
Time resolution is 1 ps
# onerror resume
# run 1000 ns
Simulator is doing circuit initialization process.
at 0 ps, Instance /main_tb/uut/memory/ : Warning: NUMERIC_STD.TO_INTEGER: metavalue detected, returning 0
Finished circuit initialization process.
# run 30ms
ERROR: Index 4 out of bound 0 to 3. 
ERROR: In process u_lcd.vhd:maq_estado 
 
INFO: Simulator is stopped.
# restart
# run 30ms
Simulator is doing circuit initialization process.
at 0 ps, Instance /main_tb/uut/memory/ : Warning: NUMERIC_STD.TO_INTEGER: metavalue detected, returning 0
Finished circuit initialization process.
ERROR: Index 4 out of bound 0 to 3. 
ERROR: In process u_lcd.vhd:maq_estado 
 
INFO: Simulator is stopped.
