Command line:
   main_tb_isim_beh.exe
     -simmode  gui
     -simrunnum  0
     -socket  40281

Sun Jul  3 20:55:30 2022


 Elaboration Time: 0.03 sec

 Current Memory Usage: 198.922 Meg

 Total Signals          : 131
 Total Nets             : 3139
 Total Signal Drivers   : 76
 Total Blocks           : 10
 Total Primitive Blocks : 6
 Total Processes        : 40
 Total Traceable Variables  : 80
 Total Scalar Nets and Variables : 6918
Total Line Count : 435

 Total Simulation Time: 62.39 sec

 Current Memory Usage: 276.521 Meg

Sun Jul  3 21:05:39 2022

