Command line:
   u_alu_isim_beh.exe
     -simmode  gui
     -simrunnum  1
     -socket  9354

Thu Jun 30 09:42:21 2022


 Elaboration Time: 0.234375 sec

 Current Memory Usage: 5809.12 Meg

 Total Signals          : 12
 Total Nets             : 52
 Total Signal Drivers   : 8
 Total Blocks           : 3
 Total Primitive Blocks : 3
 Total Processes        : 8
 Total Traceable Variables  : 13
 Total Scalar Nets and Variables : 535
Total Line Count : 24

 Total Simulation Time: 0.234375 sec

 Current Memory Usage: 5809.12 Meg

Thu Jun 30 09:42:25 2022

